<?xml version="1.0" encoding="UTF-8"?>
<testsuite xmlns:xsi="http://www.w3.org/2001/XMLSchema-instance" xsi:noNamespaceSchemaLocation="https://maven.apache.org/surefire/maven-surefire-plugin/xsd/surefire-test-report.xsd" name="aggregate.AggregateTest" time="0.609" tests="44" errors="0" skipped="0" failures="0">
  <properties>
    <property name="java.specification.version" value="15"/>
    <property name="sun.cpu.isalist" value="amd64"/>
    <property name="sun.jnu.encoding" value="Cp1252"/>
    <property name="java.class.path" value="C:\Users\cristian b\Documents\NetBeansProjects\ddd\target\test-classes;C:\Users\cristian b\Documents\NetBeansProjects\ddd\target\classes;C:\Users\cristian b\.m2\repository\org\junit\jupiter\junit-jupiter-api\5.6.0\junit-jupiter-api-5.6.0.jar;C:\Users\cristian b\.m2\repository\org\apiguardian\apiguardian-api\1.1.0\apiguardian-api-1.1.0.jar;C:\Users\cristian b\.m2\repository\org\opentest4j\opentest4j\1.2.0\opentest4j-1.2.0.jar;C:\Users\cristian b\.m2\repository\org\junit\platform\junit-platform-commons\1.6.0\junit-platform-commons-1.6.0.jar;C:\Users\cristian b\.m2\repository\org\junit\jupiter\junit-jupiter-params\5.6.0\junit-jupiter-params-5.6.0.jar;C:\Users\cristian b\.m2\repository\org\junit\jupiter\junit-jupiter-engine\5.6.0\junit-jupiter-engine-5.6.0.jar;C:\Users\cristian b\.m2\repository\org\junit\platform\junit-platform-engine\1.6.0\junit-platform-engine-1.6.0.jar;C:\Users\cristian b\.m2\repository\com\github\javafaker\javafaker\1.0.2\javafaker-1.0.2.jar;C:\Users\cristian b\.m2\repository\org\apache\commons\commons-lang3\3.5\commons-lang3-3.5.jar;C:\Users\cristian b\.m2\repository\org\yaml\snakeyaml\1.23\snakeyaml-1.23-android.jar;C:\Users\cristian b\.m2\repository\com\github\mifmif\generex\1.0.2\generex-1.0.2.jar;C:\Users\cristian b\.m2\repository\dk\brics\automaton\automaton\1.11-8\automaton-1.11-8.jar;"/>
    <property name="java.vm.vendor" value="Oracle Corporation"/>
    <property name="sun.arch.data.model" value="64"/>
    <property name="user.variant" value=""/>
    <property name="java.vendor.url" value="https://java.oracle.com/"/>
    <property name="user.timezone" value="America/Bogota"/>
    <property name="os.name" value="Windows 10"/>
    <property name="java.vm.specification.version" value="15"/>
    <property name="user.country" value="CO"/>
    <property name="sun.java.launcher" value="SUN_STANDARD"/>
    <property name="sun.boot.library.path" value="C:\Program Files\Java\jdk-15.0.2\bin"/>
    <property name="sun.java.command" value="C:\Users\CRISTI~1\AppData\Local\Temp\surefire7488873520145706808\surefirebooter5274729120527692334.jar C:\Users\cristian b\AppData\Local\Temp\surefire7488873520145706808 2022-09-03T18-47-10_495-jvmRun1 surefire18247152270154166072tmp surefire_07389297184598997755tmp"/>
    <property name="jdk.debug" value="release"/>
    <property name="surefire.test.class.path" value="C:\Users\cristian b\Documents\NetBeansProjects\ddd\target\test-classes;C:\Users\cristian b\Documents\NetBeansProjects\ddd\target\classes;C:\Users\cristian b\.m2\repository\org\junit\jupiter\junit-jupiter-api\5.6.0\junit-jupiter-api-5.6.0.jar;C:\Users\cristian b\.m2\repository\org\apiguardian\apiguardian-api\1.1.0\apiguardian-api-1.1.0.jar;C:\Users\cristian b\.m2\repository\org\opentest4j\opentest4j\1.2.0\opentest4j-1.2.0.jar;C:\Users\cristian b\.m2\repository\org\junit\platform\junit-platform-commons\1.6.0\junit-platform-commons-1.6.0.jar;C:\Users\cristian b\.m2\repository\org\junit\jupiter\junit-jupiter-params\5.6.0\junit-jupiter-params-5.6.0.jar;C:\Users\cristian b\.m2\repository\org\junit\jupiter\junit-jupiter-engine\5.6.0\junit-jupiter-engine-5.6.0.jar;C:\Users\cristian b\.m2\repository\org\junit\platform\junit-platform-engine\1.6.0\junit-platform-engine-1.6.0.jar;C:\Users\cristian b\.m2\repository\com\github\javafaker\javafaker\1.0.2\javafaker-1.0.2.jar;C:\Users\cristian b\.m2\repository\org\apache\commons\commons-lang3\3.5\commons-lang3-3.5.jar;C:\Users\cristian b\.m2\repository\org\yaml\snakeyaml\1.23\snakeyaml-1.23-android.jar;C:\Users\cristian b\.m2\repository\com\github\mifmif\generex\1.0.2\generex-1.0.2.jar;C:\Users\cristian b\.m2\repository\dk\brics\automaton\automaton\1.11-8\automaton-1.11-8.jar;"/>
    <property name="sun.cpu.endian" value="little"/>
    <property name="user.home" value="C:\Users\cristian b"/>
    <property name="user.language" value="es"/>
    <property name="java.specification.vendor" value="Oracle Corporation"/>
    <property name="java.version.date" value="2021-01-19"/>
    <property name="java.home" value="C:\Program Files\Java\jdk-15.0.2"/>
    <property name="file.separator" value="\"/>
    <property name="basedir" value="C:\Users\cristian b\Documents\NetBeansProjects\ddd"/>
    <property name="java.vm.compressedOopsMode" value="Zero based"/>
    <property name="line.separator" value="&#10;"/>
    <property name="java.vm.specification.vendor" value="Oracle Corporation"/>
    <property name="java.specification.name" value="Java Platform API Specification"/>
    <property name="surefire.real.class.path" value="C:\Users\CRISTI~1\AppData\Local\Temp\surefire7488873520145706808\surefirebooter5274729120527692334.jar"/>
    <property name="user.script" value=""/>
    <property name="sun.management.compiler" value="HotSpot 64-Bit Tiered Compilers"/>
    <property name="java.runtime.version" value="15.0.2+7-27"/>
    <property name="user.name" value="cristian b"/>
    <property name="path.separator" value=";"/>
    <property name="os.version" value="10.0"/>
    <property name="java.runtime.name" value="Java(TM) SE Runtime Environment"/>
    <property name="file.encoding" value="UTF-8"/>
    <property name="java.vm.name" value="Java HotSpot(TM) 64-Bit Server VM"/>
    <property name="maven.ext.class.path" value="C:\Program Files\NetBeans-14\netbeans\java\maven-nblib\netbeans-eventspy.jar"/>
    <property name="localRepository" value="C:\Users\cristian b\.m2\repository"/>
    <property name="java.vendor.url.bug" value="https://bugreport.java.com/bugreport/"/>
    <property name="java.io.tmpdir" value="C:\Users\CRISTI~1\AppData\Local\Temp\"/>
    <property name="java.version" value="15.0.2"/>
    <property name="user.dir" value="C:\Users\cristian b\Documents\NetBeansProjects\ddd"/>
    <property name="os.arch" value="amd64"/>
    <property name="java.vm.specification.name" value="Java Virtual Machine Specification"/>
    <property name="sun.os.patch.level" value=""/>
    <property name="java.library.path" value="C:\Program Files\Java\jdk-15.0.2\bin;C:\WINDOWS\Sun\Java\bin;C:\WINDOWS\system32;C:\WINDOWS;C:\Program Files\Common Files\Oracle\Java\javapath;C:\Program Files (x86)\Common Files\Oracle\Java\javapath;C:\ProgramData\Oracle\Java\javapath;C:\Program Files (x86)\NVIDIA Corporation\PhysX\Common;C:\WINDOWS\system32;C:\WINDOWS;C:\WINDOWS\System32\Wbem;C:\WINDOWS\System32\WindowsPowerShell\v1.0\;C:\xampp\php;C:\Program Files (x86)\Subversion\bin;C:\Program Files (x86)\Windows Live\Shared;C:\WINDOWS\System32\OpenSSH\;C:\Program Files\nodejs\;C:\Program Files\Git\cmd;C:\Program Files\Microsoft SQL Server\130\Tools\Binn\;C:\Program Files\Docker\Docker\resources\bin;C:\ProgramData\DockerDesktop\version-bin;C:\Users\cristian b\AppData\Local\Microsoft\WindowsApps;C:\Users\cristian b\AppData\Roaming\npm;;C:\Users\cristian b\AppData\Local\Programs\Microsoft VS Code\bin;."/>
    <property name="java.vm.info" value="mixed mode, sharing"/>
    <property name="java.vendor" value="Oracle Corporation"/>
    <property name="java.vm.version" value="15.0.2+7-27"/>
    <property name="sun.io.unicode.encoding" value="UnicodeLittle"/>
    <property name="java.class.version" value="59.0"/>
  </properties>
  <testcase name="buildDefaultAggregate" classname="aggregate.AggregateTest" time="0.198"/>
  <testcase name="buildDefaultAggregate[1]" classname="aggregate.AggregateTest" time="0.015"/>
  <testcase name="buildDefaultAggregate[2]" classname="aggregate.AggregateTest" time="0.01"/>
  <testcase name="buildDefaultAggregate[3]" classname="aggregate.AggregateTest" time="0.009"/>
  <testcase name="buildDefaultAggregate[4]" classname="aggregate.AggregateTest" time="0.007"/>
  <testcase name="buildDefaultAggregate[5]" classname="aggregate.AggregateTest" time="0.007"/>
  <testcase name="buildDefaultAggregate[6]" classname="aggregate.AggregateTest" time="0.007"/>
  <testcase name="buildDefaultAggregate[7]" classname="aggregate.AggregateTest" time="0.011"/>
  <testcase name="buildDefaultAggregate[8]" classname="aggregate.AggregateTest" time="0.007"/>
  <testcase name="buildDefaultAggregate[9]" classname="aggregate.AggregateTest" time="0.006"/>
  <testcase name="buildDefaultAggregate[10]" classname="aggregate.AggregateTest" time="0.006"/>
  <testcase name="updateAggregate" classname="aggregate.AggregateTest" time="0.007"/>
  <testcase name="updateAggregate[1]" classname="aggregate.AggregateTest" time="0.011"/>
  <testcase name="updateAggregate[2]" classname="aggregate.AggregateTest" time="0.014"/>
  <testcase name="updateAggregate[3]" classname="aggregate.AggregateTest" time="0.007"/>
  <testcase name="updateAggregate[4]" classname="aggregate.AggregateTest" time="0.01"/>
  <testcase name="updateAggregate[5]" classname="aggregate.AggregateTest" time="0.008"/>
  <testcase name="updateAggregate[6]" classname="aggregate.AggregateTest" time="0.008"/>
  <testcase name="updateAggregate[7]" classname="aggregate.AggregateTest" time="0.008"/>
  <testcase name="updateAggregate[8]" classname="aggregate.AggregateTest" time="0.006"/>
  <testcase name="updateAggregate[9]" classname="aggregate.AggregateTest" time="0.005"/>
  <testcase name="updateAggregate[10]" classname="aggregate.AggregateTest" time="0.005"/>
  <testcase name="changeBaa" classname="aggregate.AggregateTest" time="0.005"/>
  <testcase name="changeBaa[1]" classname="aggregate.AggregateTest" time="0.007"/>
  <testcase name="changeBaa[2]" classname="aggregate.AggregateTest" time="0.004"/>
  <testcase name="changeBaa[3]" classname="aggregate.AggregateTest" time="0.005"/>
  <testcase name="changeBaa[4]" classname="aggregate.AggregateTest" time="0.006"/>
  <testcase name="changeBaa[5]" classname="aggregate.AggregateTest" time="0.005"/>
  <testcase name="changeBaa[6]" classname="aggregate.AggregateTest" time="0.005"/>
  <testcase name="changeBaa[7]" classname="aggregate.AggregateTest" time="0.005"/>
  <testcase name="changeBaa[8]" classname="aggregate.AggregateTest" time="0.004"/>
  <testcase name="changeBaa[9]" classname="aggregate.AggregateTest" time="0.006"/>
  <testcase name="changeBaa[10]" classname="aggregate.AggregateTest" time="0.005"/>
  <testcase name="buildAggregate" classname="aggregate.AggregateTest" time="0.005"/>
  <testcase name="buildAggregate[1]" classname="aggregate.AggregateTest" time="0.005"/>
  <testcase name="buildAggregate[2]" classname="aggregate.AggregateTest" time="0.006"/>
  <testcase name="buildAggregate[3]" classname="aggregate.AggregateTest" time="0.008"/>
  <testcase name="buildAggregate[4]" classname="aggregate.AggregateTest" time="0.006"/>
  <testcase name="buildAggregate[5]" classname="aggregate.AggregateTest" time="0.005"/>
  <testcase name="buildAggregate[6]" classname="aggregate.AggregateTest" time="0.005"/>
  <testcase name="buildAggregate[7]" classname="aggregate.AggregateTest" time="0.005"/>
  <testcase name="buildAggregate[8]" classname="aggregate.AggregateTest" time="0.005"/>
  <testcase name="buildAggregate[9]" classname="aggregate.AggregateTest" time="0.005"/>
  <testcase name="buildAggregate[10]" classname="aggregate.AggregateTest" time="0.004"/>
</testsuite>